<!DOCTYPE html PUBLIC "-//W3C//DTD XHTML 1.1//EN" "https://www.w3.org/TR/xhtml11/DTD/xhtml11.dtd">
<html xmlns="https://www.w3.org/1999/xhtml">
<head>
<meta http-equiv="content-type" content="text/html; charset=UTF-8"/>
<title>TestNG Report</title>
<style type="text/css">table {margin-bottom:10px;border-collapse:collapse;empty-cells:show}th,td {border:1px solid #009;padding:.25em .5em}th {vertical-align:bottom}td {vertical-align:top}table a {font-weight:bold}.stripe td {background-color: #E6EBF9}.num {text-align:right}.passedodd td {background-color: #3F3}.passedeven td {background-color: #0A0}.skippedodd td {background-color: #DDD}.skippedeven td {background-color: #CCC}.failedodd td,.attn {background-color: #F33}.failedeven td,.stripe .attn {background-color: #D00}.stacktrace {white-space:pre;font-family:monospace}.totop {font-size:85%;text-align:center;border-bottom:2px solid #000}.invisible {display:none}</style>
</head>
<body>
<table>
<tr><th>Test</th><th># Passed</th><th># Skipped</th><th># Retried</th><th># Failed</th><th>Time (ms)</th><th>Included Groups</th><th>Excluded Groups</th></tr>
<tr><th colspan="8">CucumberDemo2 Suit 1</th></tr>
<tr><td><a href="#t0">Payback_Coupons</a></td><td class="num">1</td><td class="num">0</td><td class="num">0</td><td class="num attn">1</td><td class="num">11,297</td><td></td><td></td></tr>
<tr class="stripe"><td><a href="#t1">Payback_Products</a></td><td class="num">4</td><td class="num">0</td><td class="num">0</td><td class="num attn">3</td><td class="num">68,071</td><td></td><td></td></tr>
<tr><th>Total</th><th class="num">5</th><th class="num">0</th><th class="num">0</th><th class="num attn">4</th><th class="num">79,368</th><th colspan="2"></th></tr>
</table>
<table id='summary'><thead><tr><th>Class</th><th>Method</th><th>Start</th><th>Time (ms)</th></tr></thead><tbody><tr><th colspan="4">CucumberDemo2 Suit 1</th></tr></tbody><tbody id="t0"><tr><th colspan="4">Payback_Coupons &#8212; failed</th></tr><tr class="failedeven"><td rowspan="1">testOptions.TestRunner2</td><td><a href="#m0">runScenario</a></td><td rowspan="1">1649659759815</td><td rowspan="1">6190</td></tr><tr><th colspan="4">Payback_Coupons &#8212; passed</th></tr><tr class="passedeven"><td rowspan="1">testOptions.TestRunner2</td><td><a href="#m1">runScenario</a></td><td rowspan="1">1649659766011</td><td rowspan="1">4861</td></tr></tbody>
<tbody id="t1"><tr><th colspan="4">Payback_Products &#8212; failed</th></tr><tr class="failedeven"><td rowspan="3">testOptions.TestRunner</td><td><a href="#m2">runScenario</a></td><td rowspan="3">1649659820411</td><td rowspan="3">7245</td></tr><tr class="failedeven"><td><a href="#m3">runScenario</a></td></tr><tr class="failedeven"><td><a href="#m4">runScenario</a></td></tr><tr><th colspan="4">Payback_Products &#8212; passed</th></tr><tr class="passedeven"><td rowspan="4">testOptions.TestRunner</td><td><a href="#m5">runScenario</a></td><td rowspan="4">1649659811958</td><td rowspan="4">8452</td></tr><tr class="passedeven"><td><a href="#m6">runScenario</a></td></tr><tr class="passedeven"><td><a href="#m7">runScenario</a></td></tr><tr class="passedeven"><td><a href="#m8">runScenario</a></td></tr></tbody>
</table>
<h2>Payback_Coupons</h2><h3 id="m0">testOptions.TestRunner2#runScenario</h3><table class="result"><tr class="param"><th>Parameter #1</th><th>Parameter #2</th></tr><tr class="param stripe"><td>&quot;Check the footer text&quot;</td><td>&quot;Optional[Coupons]&quot;</td></tr><tr><th colspan="2">Exception</th></tr><tr><td colspan="2"><div class="stacktrace">java.lang.AssertionError: expected [true] but found [false]
	at stepDefinitions.StepDefinitions.verify_that_the_page_has_elements_present(StepDefinitions.java:270)
	at ✽.Verify that the page has elements present(file:///C:/Users/meghn/Desktop/MavenCucumberDemo-main/src/test/java/features/Coupons.feature:11)
... Removed 4 stack frames</div></td></tr></table><p class="totop"><a href="#summary">back to summary</a></p>
<h3 id="m1">testOptions.TestRunner2#runScenario</h3><table class="result"><tr class="param"><th>Parameter #1</th><th>Parameter #2</th></tr><tr class="param stripe"><td>&quot;&quot;</td><td>&quot;Optional[Coupons]&quot;</td></tr></table><p class="totop"><a href="#summary">back to summary</a></p>
<h2>Payback_Products</h2><h3 id="m2">testOptions.TestRunner#runScenario</h3><table class="result"><tr class="param"><th>Parameter #1</th><th>Parameter #2</th></tr><tr class="param stripe"><td>&quot;The product card is clickable everywhere&quot;</td><td>&quot;Optional[Products]&quot;</td></tr><tr><th colspan="2">Exception</th></tr><tr><td colspan="2"><div class="stacktrace">java.lang.AssertionError: did not expect [null] but found [null]
	at stepDefinitions.StepDefinitions.the_product_text_should_be_clickable(StepDefinitions.java:135)
	at ✽.The product text should be clickable(file:///C:/Users/meghn/Desktop/MavenCucumberDemo-main/src/test/java/features/Products.feature:50)
... Removed 5 stack frames</div></td></tr></table><p class="totop"><a href="#summary">back to summary</a></p>
<h3 id="m3">testOptions.TestRunner#runScenario</h3><table class="result"><tr class="param"><th>Parameter #1</th><th>Parameter #2</th></tr><tr class="param stripe"><td>&quot;Get the title of the page when we click on air miles&quot;</td><td>&quot;Optional[Products]&quot;</td></tr><tr><th colspan="2">Exception</th></tr><tr><td colspan="2"><div class="stacktrace">java.lang.AssertionError: expected [true] but found [false]
	at stepDefinitions.StepDefinitions.get_the_title_of_the_page_that_opens(StepDefinitions.java:160)
	at ✽.Get the title of the page that opens(file:///C:/Users/meghn/Desktop/MavenCucumberDemo-main/src/test/java/features/Products.feature:31)
... Removed 4 stack frames</div></td></tr></table><p class="totop"><a href="#summary">back to summary</a></p>
<h3 id="m4">testOptions.TestRunner#runScenario</h3><table class="result"><tr class="param"><th>Parameter #1</th><th>Parameter #2</th></tr><tr class="param stripe"><td>&quot;check QUANTITY with input&quot;</td><td>&quot;Optional[Products]&quot;</td></tr><tr><th colspan="2">Exception</th></tr><tr><td colspan="2"><div class="stacktrace">java.lang.AssertionError: expected [true] but found [false]
	at stepDefinitions.StepDefinitions.prompts_us_to_login(StepDefinitions.java:193)
	at ✽.Prompts us to login(file:///C:/Users/meghn/Desktop/MavenCucumberDemo-main/src/test/java/features/Products.feature:13)
... Removed 4 stack frames</div></td></tr></table><p class="totop"><a href="#summary">back to summary</a></p>
<h3 id="m5">testOptions.TestRunner#runScenario</h3><table class="result"><tr class="param"><th>Parameter #1</th><th>Parameter #2</th></tr><tr class="param stripe"><td>&quot;Right arrow takes us to the next picture&quot;</td><td>&quot;Optional[Products]&quot;</td></tr></table><p class="totop"><a href="#summary">back to summary</a></p>
<h3 id="m6">testOptions.TestRunner#runScenario</h3><table class="result"><tr class="param"><th>Parameter #1</th><th>Parameter #2</th></tr><tr class="param stripe"><td>&quot;check QUANTITY with input&quot;</td><td>&quot;Optional[Products]&quot;</td></tr></table><p class="totop"><a href="#summary">back to summary</a></p>
<h3 id="m7">testOptions.TestRunner#runScenario</h3><table class="result"><tr class="param"><th>Parameter #1</th><th>Parameter #2</th></tr><tr class="param stripe"><td>&quot;Without logging in Confirm button prompts to login&quot;</td><td>&quot;Optional[Products]&quot;</td></tr></table><p class="totop"><a href="#summary">back to summary</a></p>
<h3 id="m8">testOptions.TestRunner#runScenario</h3><table class="result"><tr class="param"><th>Parameter #1</th><th>Parameter #2</th></tr><tr class="param stripe"><td>&quot;Get the product name&quot;</td><td>&quot;Optional[Products]&quot;</td></tr></table><p class="totop"><a href="#summary">back to summary</a></p>
</body>
</html>
