<?xml version="1.0" encoding="UTF-8"?>
<!-- Generated by org.testng.reporters.JUnitXMLReporter -->
<testsuite ignored="0" hostname="LAPTOP-0JOBIV0E" failures="1" tests="2" name="Payback_Coupons" time="11.297" errors="0" timestamp="2022-04-11T12:19:31 IST">
  <testcase classname="io.cucumber.testng.AbstractTestNGCucumberTests" name="runScenario" time="6.19">
    <failure type="java.lang.AssertionError" message="expected [true] but found [false]">
      <![CDATA[java.lang.AssertionError: expected [true] but found [false]
at stepDefinitions.StepDefinitions.verify_that_the_page_has_elements_present(StepDefinitions.java:270)
at âœ½.Verify that the page has elements present(file:///C:/Users/meghn/Desktop/MavenCucumberDemo-main/src/test/java/features/Coupons.feature:11)
... Removed 4 stack frames]]>
    </failure>
  </testcase> <!-- runScenario -->
  <testcase classname="io.cucumber.testng.AbstractTestNGCucumberTests" name="runScenario" time="4.861"/>
</testsuite> <!-- Payback_Coupons -->
