<?xml version="1.0" encoding="UTF-8"?>
<!-- Generated by org.testng.reporters.JUnitReportReporter -->
<testsuite hostname="LAPTOP-0JOBIV0E" failures="3" tests="7" name="testOptions.TestRunner" time="67.835" errors="0" timestamp="2022-04-11T12:20:27 IST" skipped="0">
  <testcase classname="testOptions.TestRunner" name="runScenario" time="8.452"/>
  <system-out/>
  <testcase classname="testOptions.TestRunner" name="runScenario" time="14.805"/>
  <system-out/>
  <testcase classname="testOptions.TestRunner" name="runScenario" time="8.239"/>
  <system-out/>
  <testcase classname="testOptions.TestRunner" name="runScenario" time="7.245">
    <failure message="did not expect [null] but found [null]" type="java.lang.AssertionError">
      <![CDATA[java.lang.AssertionError: did not expect [null] but found [null]
at org.testng.Assert.fail(Assert.java:110)
at org.testng.Assert.failEquals(Assert.java:1417)
at org.testng.Assert.assertNotEqualsImpl(Assert.java:156)
at org.testng.Assert.assertNotEquals(Assert.java:1986)
at org.testng.Assert.assertNotEquals(Assert.java:2008)
at stepDefinitions.StepDefinitions.the_product_text_should_be_clickable(StepDefinitions.java:135)
at ✽.The product text should be clickable(file:///C:/Users/meghn/Desktop/MavenCucumberDemo-main/src/test/java/features/Products.feature:50)
]]>
    </failure>
  </testcase> <!-- runScenario -->
  <system-out/>
  <testcase classname="testOptions.TestRunner" name="runScenario" time="8.335"/>
  <system-out/>
  <testcase classname="testOptions.TestRunner" name="runScenario" time="7.061">
    <failure message="expected [true] but found [false]" type="java.lang.AssertionError">
      <![CDATA[java.lang.AssertionError: expected [true] but found [false]
at org.testng.Assert.fail(Assert.java:110)
at org.testng.Assert.failNotEquals(Assert.java:1413)
at org.testng.Assert.assertTrue(Assert.java:56)
at org.testng.Assert.assertTrue(Assert.java:66)
at stepDefinitions.StepDefinitions.get_the_title_of_the_page_that_opens(StepDefinitions.java:160)
at ✽.Get the title of the page that opens(file:///C:/Users/meghn/Desktop/MavenCucumberDemo-main/src/test/java/features/Products.feature:31)
]]>
    </failure>
  </testcase> <!-- runScenario -->
  <system-out/>
  <testcase classname="testOptions.TestRunner" name="runScenario" time="13.698">
    <failure message="expected [true] but found [false]" type="java.lang.AssertionError">
      <![CDATA[java.lang.AssertionError: expected [true] but found [false]
at org.testng.Assert.fail(Assert.java:110)
at org.testng.Assert.failNotEquals(Assert.java:1413)
at org.testng.Assert.assertTrue(Assert.java:56)
at org.testng.Assert.assertTrue(Assert.java:66)
at stepDefinitions.StepDefinitions.prompts_us_to_login(StepDefinitions.java:193)
at ✽.Prompts us to login(file:///C:/Users/meghn/Desktop/MavenCucumberDemo-main/src/test/java/features/Products.feature:13)
]]>
    </failure>
  </testcase> <!-- runScenario -->
  <system-out/>
</testsuite> <!-- testOptions.TestRunner -->
