<?xml version="1.0" encoding="UTF-8"?>
<!-- Generated by org.testng.reporters.JUnitReportReporter -->
<testsuite hostname="LAPTOP-0JOBIV0E" failures="1" tests="2" name="testOptions.TestRunner2" time="11.051" errors="0" timestamp="2022-04-11T12:20:27 IST" skipped="0">
  <testcase classname="testOptions.TestRunner2" name="runScenario" time="6.190">
    <failure message="expected [true] but found [false]" type="java.lang.AssertionError">
      <![CDATA[java.lang.AssertionError: expected [true] but found [false]
at org.testng.Assert.fail(Assert.java:110)
at org.testng.Assert.failNotEquals(Assert.java:1413)
at org.testng.Assert.assertTrue(Assert.java:56)
at org.testng.Assert.assertTrue(Assert.java:66)
at stepDefinitions.StepDefinitions.verify_that_the_page_has_elements_present(StepDefinitions.java:270)
at âœ½.Verify that the page has elements present(file:///C:/Users/meghn/Desktop/MavenCucumberDemo-main/src/test/java/features/Coupons.feature:11)
]]>
    </failure>
  </testcase> <!-- runScenario -->
  <system-out/>
  <testcase classname="testOptions.TestRunner2" name="runScenario" time="4.861"/>
  <system-out/>
</testsuite> <!-- testOptions.TestRunner2 -->
