<?xml version="1.0" encoding="UTF-8"?>
<!-- Generated by org.testng.reporters.JUnitXMLReporter -->
<testsuite ignored="0" hostname="INLEN8520042141" failures="1" tests="2" name="Payback_Coupons" time="14.876" errors="0" timestamp="2022-04-09T21:47:35 IST">
  <testcase classname="io.cucumber.testng.AbstractTestNGCucumberTests" name="runScenario" time="9.721">
    <failure type="java.lang.AssertionError" message="expected [true] but found [false]">
      <![CDATA[java.lang.AssertionError: expected [true] but found [false]
at stepDefinitions.StepDefinitions.verify_that_the_page_has_elements_present(StepDefinitions.java:256)
at âœ½.Verify that the page has elements present(file:///C:/Users/MEGHCHAK/Desktop/MavenCucumberDemo-main/src/test/java/features/Coupons.feature:11)
... Removed 4 stack frames]]>
    </failure>
  </testcase> <!-- runScenario -->
  <testcase classname="io.cucumber.testng.AbstractTestNGCucumberTests" name="runScenario" time="4.947"/>
</testsuite> <!-- Payback_Coupons -->
