<html>
<head>
<title>TestNG:  Default test</title>
<link href="../testng.css" rel="stylesheet" type="text/css" />
<link href="../my-testng.css" rel="stylesheet" type="text/css" />

<style type="text/css">
.log { display: none;} 
.stack-trace { display: none;} 
</style>
<script type="text/javascript">
<!--
function flip(e) {
  current = e.style.display;
  if (current == 'block') {
    e.style.display = 'none';
    return 0;
  }
  else {
    e.style.display = 'block';
    return 1;
  }
}

function toggleBox(szDivId, elem, msg1, msg2)
{
  var res = -1;  if (document.getElementById) {
    res = flip(document.getElementById(szDivId));
  }
  else if (document.all) {
    // this is the way old msie versions work
    res = flip(document.all[szDivId]);
  }
  if(elem) {
    if(res == 0) elem.innerHTML = msg1; else elem.innerHTML = msg2;
  }

}

function toggleAllBoxes() {
  if (document.getElementsByTagName) {
    d = document.getElementsByTagName('div');
    for (i = 0; i < d.length; i++) {
      if (d[i].className == 'log') {
        flip(d[i]);
      }
    }
  }
}

// -->
</script>

</head>
<body>
<h2 align='center'>Default test</h2><table border='1' align="center">
<tr>
<td>Tests passed/Failed/Skipped:</td><td>4/3/0</td>
</tr><tr>
<td>Started on:</td><td>Mon Apr 11 12:18:12 IST 2022</td>
</tr>
<tr><td>Total time:</td><td>56 seconds (56285 ms)</td>
</tr><tr>
<td>Included groups:</td><td></td>
</tr><tr>
<td>Excluded groups:</td><td></td>
</tr>
</table><p/>
<small><i>(Hover the method name to see the test class name)</i></small><p/>
<table width='100%' border='1' class='invocation-failed'>
<tr><td colspan='4' align='center'><b>FAILED TESTS</b></td></tr>
<tr><td><b>Test method</b></td>
<td width="30%"><b>Exception</b></td>
<td width="10%"><b>Time (seconds)</b></td>
<td><b>Instance</b></td>
</tr>
<tr>
<td title='testOptions.TestRunner.runScenario()'><b>runScenario</b><br>Test class: testOptions.TestRunner<br>Test method: Runs Cucumber Scenarios<br>Parameters: "check QUANTITY with input", "Optional[Products]"</td>
<td><div><pre>java.lang.AssertionError: expected [true] but found [false]
	at org.testng.Assert.fail(Assert.java:110)
	at org.testng.Assert.failNotEquals(Assert.java:1413)
	at org.testng.Assert.assertTrue(Assert.java:56)
	at org.testng.Assert.assertTrue(Assert.java:66)
	at stepDefinitions.StepDefinitions.prompts_us_to_login(StepDefinitions.java:193)
	at ?.Prompts us to login(file:///C:/Users/meghn/Desktop/MavenCucumberDemo-main/src/test/java/features/Products.feature:13)
</pre></div><a href='#' onClick='toggleBox("stack-trace356539350", this, "Click to show all stack frames", "Click to hide stack frames")'>Click to show all stack frames</a>
<div class='stack-trace' id='stack-trace356539350'><pre>java.lang.AssertionError: expected [true] but found [false]
	at org.testng.Assert.fail(Assert.java:110)
	at org.testng.Assert.failNotEquals(Assert.java:1413)
	at org.testng.Assert.assertTrue(Assert.java:56)
	at org.testng.Assert.assertTrue(Assert.java:66)
	at stepDefinitions.StepDefinitions.prompts_us_to_login(StepDefinitions.java:193)
	at ?.Prompts us to login(file:///C:/Users/meghn/Desktop/MavenCucumberDemo-main/src/test/java/features/Products.feature:13)
</pre></div></td>
<td>7</td>
<td>testOptions.TestRunner@738dc9b</td></tr>
<tr>
<td title='testOptions.TestRunner.runScenario()'><b>runScenario</b><br>Test class: testOptions.TestRunner<br>Test method: Runs Cucumber Scenarios<br>Parameters: "Get the title of the page when we click on air miles", "Optional[Products]"</td>
<td><div><pre>java.lang.AssertionError: expected [true] but found [false]
	at org.testng.Assert.fail(Assert.java:110)
	at org.testng.Assert.failNotEquals(Assert.java:1413)
	at org.testng.Assert.assertTrue(Assert.java:56)
	at org.testng.Assert.assertTrue(Assert.java:66)
	at stepDefinitions.StepDefinitions.get_the_title_of_the_page_that_opens(StepDefinitions.java:160)
	at ?.Get the title of the page that opens(file:///C:/Users/meghn/Desktop/MavenCucumberDemo-main/src/test/java/features/Products.feature:31)
</pre></div><a href='#' onClick='toggleBox("stack-trace505635448", this, "Click to show all stack frames", "Click to hide stack frames")'>Click to show all stack frames</a>
<div class='stack-trace' id='stack-trace505635448'><pre>java.lang.AssertionError: expected [true] but found [false]
	at org.testng.Assert.fail(Assert.java:110)
	at org.testng.Assert.failNotEquals(Assert.java:1413)
	at org.testng.Assert.assertTrue(Assert.java:56)
	at org.testng.Assert.assertTrue(Assert.java:66)
	at stepDefinitions.StepDefinitions.get_the_title_of_the_page_that_opens(StepDefinitions.java:160)
	at ?.Get the title of the page that opens(file:///C:/Users/meghn/Desktop/MavenCucumberDemo-main/src/test/java/features/Products.feature:31)
</pre></div></td>
<td>7</td>
<td>testOptions.TestRunner@738dc9b</td></tr>
<tr>
<td title='testOptions.TestRunner.runScenario()'><b>runScenario</b><br>Test class: testOptions.TestRunner<br>Test method: Runs Cucumber Scenarios<br>Parameters: "The product card is clickable everywhere", "Optional[Products]"</td>
<td><div><pre>java.lang.AssertionError: did not expect [null] but found [null]
	at org.testng.Assert.fail(Assert.java:110)
	at org.testng.Assert.failEquals(Assert.java:1417)
	at org.testng.Assert.assertNotEqualsImpl(Assert.java:156)
	at org.testng.Assert.assertNotEquals(Assert.java:1986)
	at org.testng.Assert.assertNotEquals(Assert.java:2008)
	at stepDefinitions.StepDefinitions.the_product_text_should_be_clickable(StepDefinitions.java:135)
	at ?.The product text should be clickable(file:///C:/Users/meghn/Desktop/MavenCucumberDemo-main/src/test/java/features/Products.feature:50)
</pre></div><a href='#' onClick='toggleBox("stack-trace1984294974", this, "Click to show all stack frames", "Click to hide stack frames")'>Click to show all stack frames</a>
<div class='stack-trace' id='stack-trace1984294974'><pre>java.lang.AssertionError: did not expect [null] but found [null]
	at org.testng.Assert.fail(Assert.java:110)
	at org.testng.Assert.failEquals(Assert.java:1417)
	at org.testng.Assert.assertNotEqualsImpl(Assert.java:156)
	at org.testng.Assert.assertNotEquals(Assert.java:1986)
	at org.testng.Assert.assertNotEquals(Assert.java:2008)
	at stepDefinitions.StepDefinitions.the_product_text_should_be_clickable(StepDefinitions.java:135)
	at ?.The product text should be clickable(file:///C:/Users/meghn/Desktop/MavenCucumberDemo-main/src/test/java/features/Products.feature:50)
</pre></div></td>
<td>6</td>
<td>testOptions.TestRunner@738dc9b</td></tr>
</table><p>
<table width='100%' border='1' class='invocation-passed'>
<tr><td colspan='4' align='center'><b>PASSED TESTS</b></td></tr>
<tr><td><b>Test method</b></td>
<td width="30%"><b>Exception</b></td>
<td width="10%"><b>Time (seconds)</b></td>
<td><b>Instance</b></td>
</tr>
<tr>
<td title='testOptions.TestRunner.runScenario()'><b>runScenario</b><br>Test class: testOptions.TestRunner<br>Test method: Runs Cucumber Scenarios<br>Parameters: "Without logging in Confirm button prompts to login", "Optional[Products]"</td>
<td></td>
<td>7</td>
<td>testOptions.TestRunner@738dc9b</td></tr>
<tr>
<td title='testOptions.TestRunner.runScenario()'><b>runScenario</b><br>Test class: testOptions.TestRunner<br>Test method: Runs Cucumber Scenarios<br>Parameters: "Get the product name", "Optional[Products]"</td>
<td></td>
<td>8</td>
<td>testOptions.TestRunner@738dc9b</td></tr>
<tr>
<td title='testOptions.TestRunner.runScenario()'><b>runScenario</b><br>Test class: testOptions.TestRunner<br>Test method: Runs Cucumber Scenarios<br>Parameters: "Right arrow takes us to the next picture", "Optional[Products]"</td>
<td></td>
<td>8</td>
<td>testOptions.TestRunner@738dc9b</td></tr>
<tr>
<td title='testOptions.TestRunner.runScenario()'><b>runScenario</b><br>Test class: testOptions.TestRunner<br>Test method: Runs Cucumber Scenarios<br>Parameters: "check QUANTITY with input", "Optional[Products]"</td>
<td></td>
<td>9</td>
<td>testOptions.TestRunner@738dc9b</td></tr>
</table><p>
</body>
</html>